5/1/2025, 9:41:49 AM - TypeError: Cannot read properties of undefined (reading 'flatMap')
5/1/2025, 8:31:19 PM - TypeError: Cannot read properties of undefined (reading 'flatMap')
5/1/2025, 8:31:20 PM - TypeError: Cannot read properties of undefined (reading 'flatMap')
5/1/2025, 8:31:20 PM - TypeError: Cannot read properties of undefined (reading 'flatMap')
5/1/2025, 8:31:20 PM - TypeError: Cannot read properties of undefined (reading 'flatMap')
5/1/2025, 8:31:21 PM - TypeError: Cannot read properties of undefined (reading 'flatMap')
5/1/2025, 8:31:21 PM - TypeError: Cannot read properties of undefined (reading 'flatMap')
5/1/2025, 8:31:21 PM - TypeError: Cannot read properties of undefined (reading 'flatMap')
5/1/2025, 8:31:21 PM - TypeError: Cannot read properties of undefined (reading 'flatMap')
5/1/2025, 8:31:22 PM - TypeError: Cannot read properties of undefined (reading 'flatMap')
5/1/2025, 8:31:22 PM - TypeError: Cannot read properties of undefined (reading 'flatMap')
5/1/2025, 8:31:24 PM - TypeError: Cannot read properties of undefined (reading 'flatMap')
5/1/2025, 8:31:24 PM - TypeError: Cannot read properties of undefined (reading 'flatMap')
5/1/2025, 8:31:24 PM - TypeError: Cannot read properties of undefined (reading 'flatMap')
5/1/2025, 8:31:24 PM - TypeError: Cannot read properties of undefined (reading 'flatMap')
5/1/2025, 8:31:25 PM - TypeError: Cannot read properties of undefined (reading 'flatMap')
5/1/2025, 8:31:25 PM - TypeError: Cannot read properties of undefined (reading 'flatMap')
5/1/2025, 9:43:26 PM - TypeError: Cannot read properties of undefined (reading 'flatMap')
5/1/2025, 10:51:10 PM - TypeError: Cannot read properties of undefined (reading 'flatMap')
5/1/2025, 10:51:10 PM - TypeError: Cannot read properties of undefined (reading 'flatMap')
5/1/2025, 10:51:10 PM - TypeError: Cannot read properties of undefined (reading 'flatMap')
5/1/2025, 10:51:10 PM - TypeError: Cannot read properties of undefined (reading 'flatMap')
5/1/2025, 10:51:10 PM - TypeError: Cannot read properties of undefined (reading 'flatMap')
5/1/2025, 10:51:11 PM - TypeError: Cannot read properties of undefined (reading 'flatMap')
5/1/2025, 10:51:11 PM - TypeError: Cannot read properties of undefined (reading 'flatMap')
5/1/2025, 10:51:11 PM - TypeError: Cannot read properties of undefined (reading 'flatMap')
5/1/2025, 10:51:12 PM - TypeError: Cannot read properties of undefined (reading 'flatMap')
5/2/2025, 2:33:52 PM - TypeError: Cannot read properties of undefined (reading 'flatMap')
5/2/2025, 2:33:52 PM - TypeError: Cannot read properties of undefined (reading 'flatMap')
5/2/2025, 2:33:52 PM - TypeError: Cannot read properties of undefined (reading 'flatMap')
5/2/2025, 2:33:52 PM - TypeError: Cannot read properties of undefined (reading 'flatMap')
5/2/2025, 2:33:53 PM - TypeError: Cannot read properties of undefined (reading 'flatMap')
5/2/2025, 2:33:56 PM - TypeError: Cannot read properties of undefined (reading 'flatMap')
5/2/2025, 2:33:56 PM - TypeError: Cannot read properties of undefined (reading 'flatMap')
5/2/2025, 2:33:56 PM - TypeError: Cannot read properties of undefined (reading 'flatMap')
5/2/2025, 2:33:56 PM - TypeError: Cannot read properties of undefined (reading 'flatMap')
5/2/2025, 2:33:56 PM - TypeError: Cannot read properties of undefined (reading 'flatMap')
5/3/2025, 8:35:08 PM - TypeError: Cannot read properties of undefined (reading 'flatMap')
5/3/2025, 8:35:08 PM - TypeError: Cannot read properties of undefined (reading 'flatMap')
5/3/2025, 8:35:08 PM - TypeError: Cannot read properties of undefined (reading 'flatMap')
5/3/2025, 8:35:09 PM - TypeError: Cannot read properties of undefined (reading 'flatMap')
5/3/2025, 8:35:09 PM - TypeError: Cannot read properties of undefined (reading 'flatMap')
5/3/2025, 8:40:44 PM - TypeError: Cannot read properties of undefined (reading 'flatMap')
5/3/2025, 8:40:45 PM - TypeError: Cannot read properties of undefined (reading 'flatMap')
5/3/2025, 8:40:45 PM - TypeError: Cannot read properties of undefined (reading 'flatMap')
5/3/2025, 8:40:45 PM - TypeError: Cannot read properties of undefined (reading 'flatMap')
5/3/2025, 8:40:45 PM - TypeError: Cannot read properties of undefined (reading 'flatMap')
5/3/2025, 8:40:45 PM - TypeError: Cannot read properties of undefined (reading 'flatMap')
5/3/2025, 8:48:30 PM - TypeError: Cannot read properties of undefined (reading 'flatMap')
5/3/2025, 8:48:31 PM - TypeError: Cannot read properties of undefined (reading 'flatMap')
5/3/2025, 8:48:31 PM - TypeError: Cannot read properties of undefined (reading 'flatMap')
5/3/2025, 8:48:31 PM - TypeError: Cannot read properties of undefined (reading 'flatMap')
5/3/2025, 8:48:31 PM - TypeError: Cannot read properties of undefined (reading 'flatMap')
5/3/2025, 8:48:32 PM - TypeError: Cannot read properties of undefined (reading 'flatMap')
5/3/2025, 8:48:32 PM - TypeError: Cannot read properties of undefined (reading 'flatMap')
5/3/2025, 8:48:32 PM - TypeError: Cannot read properties of undefined (reading 'flatMap')
5/3/2025, 8:48:32 PM - TypeError: Cannot read properties of undefined (reading 'flatMap')
5/3/2025, 8:48:32 PM - TypeError: Cannot read properties of undefined (reading 'flatMap')
5/3/2025, 8:48:32 PM - TypeError: Cannot read properties of undefined (reading 'flatMap')
5/3/2025, 8:48:32 PM - TypeError: Cannot read properties of undefined (reading 'flatMap')
5/3/2025, 8:48:33 PM - TypeError: Cannot read properties of undefined (reading 'flatMap')
5/3/2025, 8:48:33 PM - TypeError: Cannot read properties of undefined (reading 'flatMap')
5/3/2025, 8:48:33 PM - TypeError: Cannot read properties of undefined (reading 'flatMap')
5/3/2025, 8:48:33 PM - TypeError: Cannot read properties of undefined (reading 'flatMap')
5/3/2025, 8:48:33 PM - TypeError: Cannot read properties of undefined (reading 'flatMap')
5/3/2025, 8:48:34 PM - TypeError: Cannot read properties of undefined (reading 'flatMap')
5/3/2025, 8:48:34 PM - TypeError: Cannot read properties of undefined (reading 'flatMap')
5/3/2025, 8:48:34 PM - TypeError: Cannot read properties of undefined (reading 'flatMap')
5/3/2025, 8:48:34 PM - TypeError: Cannot read properties of undefined (reading 'flatMap')
5/3/2025, 8:48:34 PM - TypeError: Cannot read properties of undefined (reading 'flatMap')
5/3/2025, 8:48:35 PM - TypeError: Cannot read properties of undefined (reading 'flatMap')
5/3/2025, 8:48:35 PM - TypeError: Cannot read properties of undefined (reading 'flatMap')
5/3/2025, 8:48:35 PM - TypeError: Cannot read properties of undefined (reading 'flatMap')
5/3/2025, 8:48:35 PM - TypeError: Cannot read properties of undefined (reading 'flatMap')
5/3/2025, 8:48:36 PM - TypeError: Cannot read properties of undefined (reading 'flatMap')
5/3/2025, 8:48:36 PM - TypeError: Cannot read properties of undefined (reading 'flatMap')
5/3/2025, 8:48:36 PM - TypeError: Cannot read properties of undefined (reading 'flatMap')
5/3/2025, 8:48:36 PM - TypeError: Cannot read properties of undefined (reading 'flatMap')
5/3/2025, 8:48:36 PM - TypeError: Cannot read properties of undefined (reading 'flatMap')
5/3/2025, 8:48:36 PM - TypeError: Cannot read properties of undefined (reading 'flatMap')
5/3/2025, 8:48:36 PM - TypeError: Cannot read properties of undefined (reading 'flatMap')
5/3/2025, 8:48:36 PM - TypeError: Cannot read properties of undefined (reading 'flatMap')
5/3/2025, 9:35:44 PM - TypeError: Cannot read properties of undefined (reading 'flatMap')
5/3/2025, 9:35:44 PM - TypeError: Cannot read properties of undefined (reading 'flatMap')
5/3/2025, 9:35:44 PM - TypeError: Cannot read properties of undefined (reading 'flatMap')
5/3/2025, 9:35:44 PM - TypeError: Cannot read properties of undefined (reading 'flatMap')
5/3/2025, 9:35:45 PM - TypeError: Cannot read properties of undefined (reading 'flatMap')
5/3/2025, 9:35:45 PM - TypeError: Cannot read properties of undefined (reading 'flatMap')
5/3/2025, 9:35:45 PM - TypeError: Cannot read properties of undefined (reading 'flatMap')
5/3/2025, 9:35:45 PM - TypeError: Cannot read properties of undefined (reading 'flatMap')
5/3/2025, 9:35:45 PM - TypeError: Cannot read properties of undefined (reading 'flatMap')
5/3/2025, 9:35:46 PM - TypeError: Cannot read properties of undefined (reading 'flatMap')
5/3/2025, 9:35:46 PM - TypeError: Cannot read properties of undefined (reading 'flatMap')
5/3/2025, 9:41:09 PM - TypeError: Cannot read properties of undefined (reading 'flatMap')
5/3/2025, 9:41:10 PM - TypeError: Cannot read properties of undefined (reading 'flatMap')
5/3/2025, 9:41:10 PM - TypeError: Cannot read properties of undefined (reading 'flatMap')
5/3/2025, 9:41:10 PM - TypeError: Cannot read properties of undefined (reading 'flatMap')
5/5/2025, 9:31:28 AM - TypeError: Cannot read properties of undefined (reading 'flatMap')
5/5/2025, 9:31:28 AM - TypeError: Cannot read properties of undefined (reading 'flatMap')
5/5/2025, 9:31:28 AM - TypeError: Cannot read properties of undefined (reading 'flatMap')
5/5/2025, 9:31:28 AM - TypeError: Cannot read properties of undefined (reading 'flatMap')
5/5/2025, 9:31:28 AM - TypeError: Cannot read properties of undefined (reading 'flatMap')
5/5/2025, 9:31:29 AM - TypeError: Cannot read properties of undefined (reading 'flatMap')
5/5/2025, 9:31:29 AM - TypeError: Cannot read properties of undefined (reading 'flatMap')
5/5/2025, 10:39:20 AM - TypeError: Cannot read properties of undefined (reading 'flatMap')
5/5/2025, 10:39:41 AM - TypeError: Cannot read properties of undefined (reading 'flatMap')
5/5/2025, 10:39:42 AM - TypeError: Cannot read properties of undefined (reading 'flatMap')
5/5/2025, 10:39:43 AM - TypeError: Cannot read properties of undefined (reading 'flatMap')
5/5/2025, 10:39:43 AM - TypeError: Cannot read properties of undefined (reading 'flatMap')
5/5/2025, 10:39:43 AM - TypeError: Cannot read properties of undefined (reading 'flatMap')
5/5/2025, 10:39:43 AM - TypeError: Cannot read properties of undefined (reading 'flatMap')
5/5/2025, 10:39:44 AM - TypeError: Cannot read properties of undefined (reading 'flatMap')
5/5/2025, 10:39:44 AM - TypeError: Cannot read properties of undefined (reading 'flatMap')
5/5/2025, 10:39:44 AM - TypeError: Cannot read properties of undefined (reading 'flatMap')
5/5/2025, 10:39:44 AM - TypeError: Cannot read properties of undefined (reading 'flatMap')
5/5/2025, 10:40:37 AM - TypeError: Cannot read properties of undefined (reading 'flatMap')
5/5/2025, 10:40:38 AM - TypeError: Cannot read properties of undefined (reading 'flatMap')
5/5/2025, 10:40:38 AM - TypeError: Cannot read properties of undefined (reading 'flatMap')
5/5/2025, 10:40:38 AM - TypeError: Cannot read properties of undefined (reading 'flatMap')
5/5/2025, 12:46:59 PM - Error: getaddrinfo ENOTFOUND api.bing.com
5/7/2025, 3:06:31 PM - TypeError: Cannot read properties of undefined (reading 'flatMap')
5/7/2025, 3:06:32 PM - TypeError: Cannot read properties of undefined (reading 'flatMap')
5/7/2025, 3:06:32 PM - TypeError: Cannot read properties of undefined (reading 'flatMap')
5/7/2025, 3:06:33 PM - TypeError: Cannot read properties of undefined (reading 'flatMap')
5/7/2025, 3:06:33 PM - TypeError: Cannot read properties of undefined (reading 'flatMap')
5/7/2025, 3:06:33 PM - TypeError: Cannot read properties of undefined (reading 'flatMap')
5/7/2025, 3:06:33 PM - TypeError: Cannot read properties of undefined (reading 'flatMap')
5/7/2025, 3:06:34 PM - TypeError: Cannot read properties of undefined (reading 'flatMap')
5/7/2025, 3:28:47 PM - TypeError: Cannot read properties of undefined (reading 'flatMap')
5/7/2025, 4:57:16 PM - TypeError: Cannot read properties of undefined (reading 'flatMap')
5/8/2025, 1:07:32 PM - TypeError: Cannot read properties of undefined (reading 'flatMap')
5/8/2025, 1:07:35 PM - TypeError: Cannot read properties of undefined (reading 'flatMap')
5/8/2025, 3:22:05 PM - TypeError: Cannot read properties of undefined (reading 'flatMap')
5/8/2025, 8:52:35 PM - TypeError: Cannot read properties of undefined (reading 'flatMap')
5/8/2025, 8:52:35 PM - TypeError: Cannot read properties of undefined (reading 'flatMap')
5/9/2025, 8:51:15 AM - TypeError: Cannot read properties of undefined (reading 'flatMap')
5/9/2025, 8:51:16 AM - TypeError: Cannot read properties of undefined (reading 'flatMap')
5/9/2025, 8:51:16 AM - TypeError: Cannot read properties of undefined (reading 'flatMap')
5/9/2025, 8:51:16 AM - TypeError: Cannot read properties of undefined (reading 'flatMap')
5/9/2025, 8:51:17 AM - TypeError: Cannot read properties of undefined (reading 'flatMap')
5/9/2025, 8:51:19 AM - TypeError: Cannot read properties of undefined (reading 'flatMap')
5/9/2025, 8:51:19 AM - TypeError: Cannot read properties of undefined (reading 'flatMap')
5/9/2025, 8:51:20 AM - TypeError: Cannot read properties of undefined (reading 'flatMap')
5/9/2025, 8:51:20 AM - TypeError: Cannot read properties of undefined (reading 'flatMap')
5/9/2025, 8:51:20 AM - TypeError: Cannot read properties of undefined (reading 'flatMap')
5/9/2025, 8:51:20 AM - TypeError: Cannot read properties of undefined (reading 'flatMap')
5/9/2025, 5:07:05 PM - TypeError: Cannot read properties of undefined (reading 'flatMap')
5/9/2025, 5:07:05 PM - TypeError: Cannot read properties of undefined (reading 'flatMap')
5/9/2025, 5:07:07 PM - TypeError: Cannot read properties of undefined (reading 'flatMap')
5/9/2025, 7:43:15 PM - TypeError: Cannot read properties of undefined (reading 'flatMap')
5/9/2025, 9:29:13 PM - TypeError: Cannot read properties of undefined (reading 'flatMap')
5/9/2025, 9:29:14 PM - TypeError: Cannot read properties of undefined (reading 'flatMap')
5/9/2025, 9:29:14 PM - TypeError: Cannot read properties of undefined (reading 'flatMap')
5/9/2025, 9:29:14 PM - TypeError: Cannot read properties of undefined (reading 'flatMap')
5/9/2025, 9:29:14 PM - TypeError: Cannot read properties of undefined (reading 'flatMap')
5/10/2025, 6:44:23 PM - TypeError: Cannot read properties of undefined (reading 'flatMap')
5/10/2025, 6:44:23 PM - TypeError: Cannot read properties of undefined (reading 'flatMap')
5/14/2025, 11:37:28 AM - TypeError: Cannot read properties of undefined (reading 'flatMap')
5/14/2025, 11:37:28 AM - TypeError: Cannot read properties of undefined (reading 'flatMap')
5/14/2025, 11:37:29 AM - TypeError: Cannot read properties of undefined (reading 'flatMap')
5/14/2025, 11:37:30 AM - TypeError: Cannot read properties of undefined (reading 'flatMap')
5/14/2025, 11:55:28 AM - TypeError: Cannot read properties of undefined (reading 'flatMap')
5/14/2025, 11:56:59 AM - TypeError: Cannot read properties of undefined (reading 'flatMap')
5/14/2025, 11:58:40 AM - TypeError: Cannot read properties of undefined (reading 'flatMap')
5/14/2025, 11:58:42 AM - TypeError: Cannot read properties of undefined (reading 'flatMap')
5/14/2025, 11:58:42 AM - TypeError: Cannot read properties of undefined (reading 'flatMap')
5/15/2025, 4:00:35 PM - TypeError: Cannot read properties of undefined (reading 'flatMap')
5/15/2025, 4:00:35 PM - TypeError: Cannot read properties of undefined (reading 'flatMap')
5/15/2025, 4:00:36 PM - TypeError: Cannot read properties of undefined (reading 'flatMap')
5/15/2025, 4:00:36 PM - TypeError: Cannot read properties of undefined (reading 'flatMap')
5/15/2025, 4:00:36 PM - TypeError: Cannot read properties of undefined (reading 'flatMap')
5/15/2025, 4:00:38 PM - TypeError: Cannot read properties of undefined (reading 'flatMap')
5/15/2025, 4:00:38 PM - TypeError: Cannot read properties of undefined (reading 'flatMap')
5/15/2025, 4:00:41 PM - TypeError: Cannot read properties of undefined (reading 'flatMap')
5/15/2025, 4:00:43 PM - TypeError: Cannot read properties of undefined (reading 'flatMap')
5/16/2025, 12:39:39 PM - TypeError: Cannot read properties of undefined (reading 'flatMap')
5/16/2025, 12:59:50 PM - TypeError: Cannot read properties of undefined (reading 'flatMap')
2025/5/17 14:37:08 - TypeError: Cannot read properties of undefined (reading 'flatMap')
5/18/2025, 8:06:57 PM - TypeError: Cannot read properties of undefined (reading 'flatMap')
5/18/2025, 8:06:57 PM - TypeError: Cannot read properties of undefined (reading 'flatMap')
5/20/2025, 9:42:03 AM - TypeError: Cannot read properties of undefined (reading 'flatMap')
5/20/2025, 9:42:03 AM - TypeError: Cannot read properties of undefined (reading 'flatMap')
5/21/2025, 9:51:16 AM - TypeError: Cannot read properties of undefined (reading 'flatMap')
5/21/2025, 9:51:16 AM - TypeError: Cannot read properties of undefined (reading 'flatMap')
5/21/2025, 9:51:17 AM - TypeError: Cannot read properties of undefined (reading 'flatMap')
5/21/2025, 9:51:17 AM - TypeError: Cannot read properties of undefined (reading 'flatMap')
5/21/2025, 9:46:26 PM - TypeError: Cannot read properties of undefined (reading 'flatMap')
5/21/2025, 10:58:35 PM - TypeError: Cannot read properties of undefined (reading 'flatMap')
5/21/2025, 10:58:35 PM - TypeError: Cannot read properties of undefined (reading 'flatMap')
5/22/2025, 9:04:19 PM - TypeError: Cannot read properties of undefined (reading 'flatMap')
5/22/2025, 9:04:19 PM - TypeError: Cannot read properties of undefined (reading 'flatMap')
5/22/2025, 9:04:20 PM - TypeError: Cannot read properties of undefined (reading 'flatMap')
5/22/2025, 9:04:20 PM - TypeError: Cannot read properties of undefined (reading 'flatMap')
5/22/2025, 9:04:20 PM - TypeError: Cannot read properties of undefined (reading 'flatMap')
5/22/2025, 9:04:20 PM - TypeError: Cannot read properties of undefined (reading 'flatMap')
5/22/2025, 9:04:20 PM - TypeError: Cannot read properties of undefined (reading 'flatMap')
5/23/2025, 2:49:32 PM - TypeError: Cannot read properties of undefined (reading 'flatMap')
5/23/2025, 2:49:32 PM - TypeError: Cannot read properties of undefined (reading 'flatMap')
5/23/2025, 5:05:29 PM - TypeError: Cannot read properties of undefined (reading 'flatMap')
5/23/2025, 5:05:31 PM - TypeError: Cannot read properties of undefined (reading 'flatMap')
5/23/2025, 5:05:31 PM - TypeError: Cannot read properties of undefined (reading 'flatMap')
5/23/2025, 5:05:31 PM - TypeError: Cannot read properties of undefined (reading 'flatMap')
5/23/2025, 5:05:31 PM - TypeError: Cannot read properties of undefined (reading 'flatMap')
5/23/2025, 5:05:32 PM - TypeError: Cannot read properties of undefined (reading 'flatMap')
5/23/2025, 5:05:32 PM - TypeError: Cannot read properties of undefined (reading 'flatMap')
5/23/2025, 6:06:37 PM - TypeError: Cannot read properties of undefined (reading 'flatMap')
5/23/2025, 6:06:37 PM - TypeError: Cannot read properties of undefined (reading 'flatMap')
5/23/2025, 8:23:36 PM - TypeError: Cannot read properties of undefined (reading 'flatMap')
5/23/2025, 8:23:36 PM - TypeError: Cannot read properties of undefined (reading 'flatMap')
5/23/2025, 8:23:36 PM - TypeError: Cannot read properties of undefined (reading 'flatMap')
5/23/2025, 8:23:36 PM - TypeError: Cannot read properties of undefined (reading 'flatMap')
5/23/2025, 8:23:36 PM - TypeError: Cannot read properties of undefined (reading 'flatMap')
5/23/2025, 8:23:36 PM - TypeError: Cannot read properties of undefined (reading 'flatMap')
5/23/2025, 8:23:37 PM - TypeError: Cannot read properties of undefined (reading 'flatMap')
5/23/2025, 8:23:39 PM - TypeError: Cannot read properties of undefined (reading 'flatMap')
5/23/2025, 8:23:39 PM - TypeError: Cannot read properties of undefined (reading 'flatMap')
5/23/2025, 8:23:39 PM - TypeError: Cannot read properties of undefined (reading 'flatMap')
5/23/2025, 9:23:14 PM - TypeError: Cannot read properties of undefined (reading 'flatMap')
5/23/2025, 9:23:14 PM - TypeError: Cannot read properties of undefined (reading 'flatMap')
5/23/2025, 9:23:14 PM - TypeError: Cannot read properties of undefined (reading 'flatMap')
5/24/2025, 11:13:12 AM - TypeError: Cannot read properties of undefined (reading 'flatMap')
5/24/2025, 1:57:07 PM - TypeError: Cannot read properties of undefined (reading 'flatMap')
5/24/2025, 1:57:07 PM - TypeError: Cannot read properties of undefined (reading 'flatMap')
5/24/2025, 1:57:08 PM - TypeError: Cannot read properties of undefined (reading 'flatMap')
5/24/2025, 5:25:12 PM - TypeError: Cannot read properties of undefined (reading 'flatMap')
5/25/2025, 8:46:54 PM - TypeError: Cannot read properties of undefined (reading 'flatMap')
5/25/2025, 8:54:11 PM - TypeError: Cannot read properties of undefined (reading 'flatMap')
5/25/2025, 8:54:12 PM - TypeError: Cannot read properties of undefined (reading 'flatMap')
5/25/2025, 8:54:12 PM - TypeError: Cannot read properties of undefined (reading 'flatMap')
5/25/2025, 8:54:12 PM - TypeError: Cannot read properties of undefined (reading 'flatMap')
5/25/2025, 8:54:12 PM - TypeError: Cannot read properties of undefined (reading 'flatMap')
5/25/2025, 8:54:12 PM - TypeError: Cannot read properties of undefined (reading 'flatMap')
5/27/2025, 8:58:36 AM - TypeError: Cannot read properties of undefined (reading 'flatMap')
5/27/2025, 9:29:08 AM - TypeError: Cannot read properties of undefined (reading 'flatMap')
5/27/2025, 9:29:09 AM - TypeError: Cannot read properties of undefined (reading 'flatMap')
5/27/2025, 9:29:52 AM - TypeError: Cannot read properties of undefined (reading 'flatMap')
5/27/2025, 9:33:20 AM - TypeError: Cannot read properties of undefined (reading 'flatMap')
5/27/2025, 9:33:28 AM - TypeError: Cannot read properties of undefined (reading 'flatMap')
5/27/2025, 9:33:28 AM - TypeError: Cannot read properties of undefined (reading 'flatMap')
5/27/2025, 9:33:28 AM - TypeError: Cannot read properties of undefined (reading 'flatMap')
5/27/2025, 9:33:28 AM - TypeError: Cannot read properties of undefined (reading 'flatMap')
5/27/2025, 9:33:28 AM - TypeError: Cannot read properties of undefined (reading 'flatMap')
5/27/2025, 9:33:28 AM - TypeError: Cannot read properties of undefined (reading 'flatMap')
5/27/2025, 9:33:29 AM - TypeError: Cannot read properties of undefined (reading 'flatMap')
5/27/2025, 9:33:29 AM - TypeError: Cannot read properties of undefined (reading 'flatMap')
5/27/2025, 9:33:30 AM - TypeError: Cannot read properties of undefined (reading 'flatMap')
5/27/2025, 9:33:33 AM - TypeError: Cannot read properties of undefined (reading 'flatMap')
5/27/2025, 9:33:33 AM - TypeError: Cannot read properties of undefined (reading 'flatMap')
5/27/2025, 9:33:33 AM - TypeError: Cannot read properties of undefined (reading 'flatMap')
5/27/2025, 9:33:33 AM - TypeError: Cannot read properties of undefined (reading 'flatMap')
5/27/2025, 9:33:33 AM - TypeError: Cannot read properties of undefined (reading 'flatMap')
5/27/2025, 9:33:33 AM - TypeError: Cannot read properties of undefined (reading 'flatMap')
5/27/2025, 2:19:45 PM - TypeError: Cannot read properties of undefined (reading 'flatMap')
5/27/2025, 2:19:45 PM - TypeError: Cannot read properties of undefined (reading 'flatMap')
5/27/2025, 2:19:46 PM - TypeError: Cannot read properties of undefined (reading 'flatMap')
5/27/2025, 2:37:36 PM - TypeError: Cannot read properties of undefined (reading 'flatMap')
5/27/2025, 2:37:37 PM - TypeError: Cannot read properties of undefined (reading 'flatMap')
5/27/2025, 2:37:37 PM - TypeError: Cannot read properties of undefined (reading 'flatMap')
5/27/2025, 2:37:37 PM - TypeError: Cannot read properties of undefined (reading 'flatMap')
5/27/2025, 6:56:23 PM - TypeError: Cannot read properties of undefined (reading 'flatMap')
5/27/2025, 11:02:17 PM - TypeError: Cannot read properties of undefined (reading 'flatMap')
5/27/2025, 11:02:17 PM - TypeError: Cannot read properties of undefined (reading 'flatMap')
5/27/2025, 11:02:17 PM - TypeError: Cannot read properties of undefined (reading 'flatMap')
5/27/2025, 11:02:18 PM - TypeError: Cannot read properties of undefined (reading 'flatMap')
5/27/2025, 11:02:18 PM - TypeError: Cannot read properties of undefined (reading 'flatMap')
5/27/2025, 11:02:18 PM - TypeError: Cannot read properties of undefined (reading 'flatMap')
5/27/2025, 11:02:19 PM - TypeError: Cannot read properties of undefined (reading 'flatMap')
5/27/2025, 11:02:20 PM - TypeError: Cannot read properties of undefined (reading 'flatMap')
5/27/2025, 11:02:20 PM - TypeError: Cannot read properties of undefined (reading 'flatMap')
5/27/2025, 11:02:21 PM - TypeError: Cannot read properties of undefined (reading 'flatMap')
5/27/2025, 11:02:21 PM - TypeError: Cannot read properties of undefined (reading 'flatMap')
5/27/2025, 11:02:21 PM - TypeError: Cannot read properties of undefined (reading 'flatMap')
5/27/2025, 11:02:21 PM - TypeError: Cannot read properties of undefined (reading 'flatMap')
5/27/2025, 11:02:22 PM - TypeError: Cannot read properties of undefined (reading 'flatMap')
5/27/2025, 11:02:22 PM - TypeError: Cannot read properties of undefined (reading 'flatMap')
5/27/2025, 11:02:23 PM - TypeError: Cannot read properties of undefined (reading 'flatMap')
5/27/2025, 11:02:23 PM - TypeError: Cannot read properties of undefined (reading 'flatMap')
5/27/2025, 11:02:23 PM - TypeError: Cannot read properties of undefined (reading 'flatMap')
5/27/2025, 11:02:23 PM - TypeError: Cannot read properties of undefined (reading 'flatMap')
5/27/2025, 11:02:23 PM - TypeError: Cannot read properties of undefined (reading 'flatMap')
5/27/2025, 11:02:23 PM - TypeError: Cannot read properties of undefined (reading 'flatMap')
5/27/2025, 11:02:24 PM - TypeError: Cannot read properties of undefined (reading 'flatMap')
5/29/2025, 9:42:07 AM - TypeError: Cannot read properties of undefined (reading 'flatMap')
5/29/2025, 9:42:08 AM - TypeError: Cannot read properties of undefined (reading 'flatMap')
5/29/2025, 9:42:08 AM - TypeError: Cannot read properties of undefined (reading 'flatMap')
5/29/2025, 9:42:08 AM - TypeError: Cannot read properties of undefined (reading 'flatMap')
5/29/2025, 9:42:08 AM - TypeError: Cannot read properties of undefined (reading 'flatMap')
5/29/2025, 8:45:34 PM - TypeError: Cannot read properties of undefined (reading 'flatMap')
5/29/2025, 8:45:37 PM - TypeError: Cannot read properties of undefined (reading 'flatMap')
5/29/2025, 8:45:37 PM - TypeError: Cannot read properties of undefined (reading 'flatMap')
5/29/2025, 8:45:37 PM - TypeError: Cannot read properties of undefined (reading 'flatMap')
5/29/2025, 8:45:37 PM - TypeError: Cannot read properties of undefined (reading 'flatMap')
5/30/2025, 7:07:32 AM - TypeError: Cannot read properties of undefined (reading 'flatMap')
5/30/2025, 7:07:32 AM - TypeError: Cannot read properties of undefined (reading 'flatMap')
5/30/2025, 7:07:36 AM - TypeError: Cannot read properties of undefined (reading 'flatMap')
5/30/2025, 7:07:36 AM - TypeError: Cannot read properties of undefined (reading 'flatMap')
5/30/2025, 7:07:37 AM - TypeError: Cannot read properties of undefined (reading 'flatMap')
5/30/2025, 7:07:38 AM - TypeError: Cannot read properties of undefined (reading 'flatMap')
5/30/2025, 7:07:38 AM - TypeError: Cannot read properties of undefined (reading 'flatMap')
5/30/2025, 7:07:39 AM - TypeError: Cannot read properties of undefined (reading 'flatMap')
5/30/2025, 9:49:13 AM - TypeError: Cannot read properties of undefined (reading 'flatMap')
5/30/2025, 9:49:13 AM - TypeError: Cannot read properties of undefined (reading 'flatMap')
5/30/2025, 9:49:13 AM - TypeError: Cannot read properties of undefined (reading 'flatMap')
5/30/2025, 9:49:14 AM - TypeError: Cannot read properties of undefined (reading 'flatMap')
5/30/2025, 9:49:15 AM - TypeError: Cannot read properties of undefined (reading 'flatMap')
5/30/2025, 10:11:23 AM - TypeError: Cannot read properties of undefined (reading 'flatMap')
5/30/2025, 10:11:23 AM - TypeError: Cannot read properties of undefined (reading 'flatMap')
5/30/2025, 10:11:24 AM - TypeError: Cannot read properties of undefined (reading 'flatMap')
5/30/2025, 10:11:26 AM - TypeError: Cannot read properties of undefined (reading 'flatMap')
5/30/2025, 10:11:26 AM - TypeError: Cannot read properties of undefined (reading 'flatMap')
5/30/2025, 10:11:27 AM - TypeError: Cannot read properties of undefined (reading 'flatMap')
5/30/2025, 10:11:27 AM - TypeError: Cannot read properties of undefined (reading 'flatMap')
5/30/2025, 10:11:27 AM - TypeError: Cannot read properties of undefined (reading 'flatMap')
5/30/2025, 10:11:27 AM - TypeError: Cannot read properties of undefined (reading 'flatMap')
5/30/2025, 10:11:28 AM - TypeError: Cannot read properties of undefined (reading 'flatMap')
5/30/2025, 10:11:28 AM - TypeError: Cannot read properties of undefined (reading 'flatMap')
5/30/2025, 11:28:02 AM - TypeError: Cannot read properties of undefined (reading 'flatMap')
5/31/2025, 1:13:51 PM - TypeError: Cannot read properties of undefined (reading 'flatMap')
6/1/2025, 1:47:20 PM - Error: Service Unavailable
6/1/2025, 4:41:34 PM - TypeError: Cannot read properties of undefined (reading 'flatMap')
6/3/2025, 10:27:17 PM - TypeError: Cannot read properties of undefined (reading 'flatMap')
6/3/2025, 10:27:18 PM - TypeError: Cannot read properties of undefined (reading 'flatMap')
6/3/2025, 10:27:18 PM - TypeError: Cannot read properties of undefined (reading 'flatMap')
6/3/2025, 10:27:18 PM - TypeError: Cannot read properties of undefined (reading 'flatMap')
6/3/2025, 10:27:18 PM - TypeError: Cannot read properties of undefined (reading 'flatMap')
6/3/2025, 10:27:18 PM - TypeError: Cannot read properties of undefined (reading 'flatMap')
6/3/2025, 10:27:18 PM - TypeError: Cannot read properties of undefined (reading 'flatMap')
6/5/2025, 12:10:20 PM - TypeError: Cannot read properties of undefined (reading 'flatMap')
6/5/2025, 12:10:20 PM - TypeError: Cannot read properties of undefined (reading 'flatMap')
6/5/2025, 12:10:21 PM - TypeError: Cannot read properties of undefined (reading 'flatMap')
6/5/2025, 12:10:21 PM - TypeError: Cannot read properties of undefined (reading 'flatMap')
6/5/2025, 12:10:21 PM - TypeError: Cannot read properties of undefined (reading 'flatMap')
6/5/2025, 12:10:22 PM - TypeError: Cannot read properties of undefined (reading 'flatMap')
6/5/2025, 12:10:23 PM - TypeError: Cannot read properties of undefined (reading 'flatMap')
6/5/2025, 12:10:23 PM - TypeError: Cannot read properties of undefined (reading 'flatMap')
6/5/2025, 12:10:25 PM - TypeError: Cannot read properties of undefined (reading 'flatMap')
6/5/2025, 12:10:25 PM - TypeError: Cannot read properties of undefined (reading 'flatMap')
6/5/2025, 12:10:26 PM - TypeError: Cannot read properties of undefined (reading 'flatMap')
6/5/2025, 12:10:26 PM - TypeError: Cannot read properties of undefined (reading 'flatMap')
6/5/2025, 12:10:26 PM - TypeError: Cannot read properties of undefined (reading 'flatMap')
6/5/2025, 12:10:26 PM - TypeError: Cannot read properties of undefined (reading 'flatMap')
6/11/2025, 5:48:50 PM - TypeError: Cannot read properties of undefined (reading 'flatMap')
6/11/2025, 5:48:50 PM - TypeError: Cannot read properties of undefined (reading 'flatMap')
6/11/2025, 5:48:50 PM - TypeError: Cannot read properties of undefined (reading 'flatMap')
6/12/2025, 11:26:23 PM - TypeError: Cannot read properties of undefined (reading 'flatMap')
6/12/2025, 11:26:24 PM - TypeError: Cannot read properties of undefined (reading 'flatMap')
6/19/2025, 8:08:26 PM - TypeError: Cannot read properties of undefined (reading 'flatMap')
6/20/2025, 9:57:54 AM - TypeError: Cannot read properties of undefined (reading 'flatMap')
6/21/2025, 10:10:52 AM - TypeError: Cannot read properties of undefined (reading 'flatMap')
6/22/2025, 9:26:24 PM - TypeError: Cannot read properties of undefined (reading 'flatMap')
6/22/2025, 9:26:26 PM - TypeError: Cannot read properties of undefined (reading 'flatMap')
6/22/2025, 9:26:26 PM - TypeError: Cannot read properties of undefined (reading 'flatMap')
6/22/2025, 9:26:26 PM - TypeError: Cannot read properties of undefined (reading 'flatMap')
6/22/2025, 9:26:26 PM - TypeError: Cannot read properties of undefined (reading 'flatMap')
6/22/2025, 9:26:26 PM - TypeError: Cannot read properties of undefined (reading 'flatMap')
6/22/2025, 9:26:26 PM - TypeError: Cannot read properties of undefined (reading 'flatMap')
6/23/2025, 9:04:45 PM - TypeError: Cannot read properties of undefined (reading 'flatMap')
6/23/2025, 9:04:45 PM - TypeError: Cannot read properties of undefined (reading 'flatMap')
6/23/2025, 9:04:49 PM - TypeError: Cannot read properties of undefined (reading 'flatMap')
6/23/2025, 9:04:49 PM - TypeError: Cannot read properties of undefined (reading 'flatMap')
6/23/2025, 9:04:50 PM - TypeError: Cannot read properties of undefined (reading 'flatMap')
6/23/2025, 9:04:51 PM - TypeError: Cannot read properties of undefined (reading 'flatMap')
6/23/2025, 9:04:52 PM - TypeError: Cannot read properties of undefined (reading 'flatMap')
6/24/2025, 11:16:59 PM - TypeError: Cannot read properties of undefined (reading 'flatMap')
6/24/2025, 11:17:00 PM - TypeError: Cannot read properties of undefined (reading 'flatMap')
6/24/2025, 11:17:01 PM - TypeError: Cannot read properties of undefined (reading 'flatMap')
6/27/2025, 10:34:11 PM - TypeError: Cannot read properties of undefined (reading 'flatMap')
6/27/2025, 10:34:11 PM - TypeError: Cannot read properties of undefined (reading 'flatMap')
6/30/2025, 8:03:44 PM - TypeError: Cannot read properties of undefined (reading 'flatMap')
